[0001.22] Log: Async Log file open, 05/02/20 15:31:57
[0001.22] Init: WinSock: version 1.1 (2.2), MaxSocks=32767, MaxUdp=65467
[0001.22] Log:  ... running in INSTALLED mode
[0001.22] DevConfig: GConfig::Find has loaded file:  ..\..\Engine\Config\ConsoleVariables.ini
[0001.22] Init: Version: 10897
[0001.22] Init: Epic Internal: 0
[0001.22] Init: Compiled (64-bit): Apr 23 2020 16:02:33
[0001.22] Init: Changelist: 1532151
[0001.22] Init: Command line: -pid=402 -epic -anon  -seekfreeloadingPCConsole -eac_dir ..\EasyAntiCheat -AUTH_LOGIN=unused -AUTH_PASSWORD=a7fe30e81c084e7bab6a4bcdf96c5cde -AUTH_TYPE=exchangecode -epicapp=Antbird -epicenv=Prod -EpicPortal  -epicusername="Slayerdslasher" -epicuserid=c28f3fe73ba942ada4def7ea3e961fb7 -epiclocale=en
[0001.22] Init: Base directory: C:\Program Files\Epic Games\Paladins\Paladins\Binaries\Win64\
[0001.23] Init: Computer: 28STABWOUNDS-EX
[0001.23] Init: User: REABERBOY666
[0001.23] Init: CPU Page size=4096, Processors=2, Cores=2
[0001.23] Init: High frequency timer resolution =10.000000 MHz
[0001.23] Init: Memory total: Physical=3.8GB (3GB approx) Pagefile=5.7GB Virtual=131072.0GB
[0001.74] DevOnline: Initializing MCTS
[0002.64] VoiceChat: Info  VivoxApi::CommandHandler::ProcessRequest(645) - this=0x4de3e10,ToXml(request, true)=<Request requestId="" action="Aux.GetCaptureDevices.1" />
[0002.64] VoiceChat: 
[0002.64] VoiceChat: Info  VivoxApi::CommandHandler::ProcessRequest(645) - this=0x4de3e10,ToXml(request, true)=<Request requestId="" action="Aux.GetRenderDevices.1" />
[0002.64] VoiceChat: 
[0002.64] VoiceChat: Vivox Version: 4.9.0002.31672
[0002.64] Init: Game is version 3.3.3657.3.
[0002.64] Log: Steam Client API Disabled!
[0002.68] Log: Initializing Epic Online Services
[0002.68] DevOnline: Epic Logging Callback Set
[0002.68] DevOnline: Epic Logging Level Set to 600
[0002.68] DevOnline: Loaded Epic Online Services Config: fcb692f0fdf14526b1ffbb77cf1ef288 badb0ee71b474ed591ec43212547cfc8 ae0ea0ebb4454bb680bb5194d4ef4747 8435581525284b85aa68d8733a5e2caa
[0002.68] DevOnline: Epic SDK: LogEOS: Updating Platform SDK Config, Time: 0.000000
[0003.47] DevOnline: Epic SDK: LogEOSOverlay: Overlay loaded and initialized
[0003.63] DevOnline: Epic SDK: LogEOSMessaging: Stomp: Empty URL Specified!
[0003.64] DevOnline: Epic SDK: LogEOSP2P: Using Port Range 7777-7876 for P2P traffic
[0003.64] Log: Epic Online Services API initialized 1
[0003.64] Init: Presizing for 110000 objects not considered by GC, pre-allocating 0 bytes.
[0003.64] Init: Object subsystem initialized
[0003.64] Log: Got Epic Online Services Language: en which is LangExt INT
[0003.67] Log: CachePaths() took 0.02 Seconds
[0003.67] Log: TgAIBehaviorTreeManager :: Loading behavior trees
[0003.79] Log: TgAIBehaviorTreeManager :: Successfully loaded behavior trees
[0005.51] Log: Landing Panel http://cds.q6u4m8x5.hwcdn.net/LandingPanel/Paladins/live/
[0005.63] Log: SystemSettings based on: SystemSettings
[0005.63] Log: SystemSettings based on: SystemSettings
[0005.63] Log: SystemSettings based on: SystemSettings
[0005.63] Log: SystemSettings based on: SystemSettings
[0005.63] Log: SystemSettings based on: SystemSettings
[0005.64] Log: SystemSettings based on: SystemSettings
[0005.64] Log: SystemSettings based on: SystemSettings
[0005.64] Log: SystemSettings based on: SystemSettings
[0005.64] Log: SystemSettings based on: SystemSettings
[0005.64] Log: SystemSettings based on: SystemSettings
[0005.73] Warning: Warning, Command line -d3d11 set, but D3D11 is not supported on this machine.  Will fallback to older API.
[0007.65] Log: Shader platform (RHI): PC-D3D-SM3
[0007.85] Log: PhysX GPU Support: DISABLED
[0008.69] Log: FEACClient being initialized
[0012.58] Log: Assembly load started
[0032.44] Log: Assembly Loaded Version: DBExport: 04/24/2020 13:29:06,  Src=devsql.hirezcorp.com:paladins_live_build_3_3, LangSrc=devsql.hirezcorp.com:paladins_translations,
[0032.44] Log: Assembly load completed in 19.86 seconds
[0038.45] Log: FMaterialUniformExpressionTexture had invalid TextureIndex! (2/2)
[0038.46] Log: TFC Version check: Low=3.3.3657.0 High=3.3.3657.0, Result=TRUE
[0038.66] Log: Skipping adding Package OnlineSubsystemEpic to NetPackages
[0038.68] Log: Skipping adding Package OnlineSubsystemPC to NetPackages
[0059.76] Log: 129884 objects as part of root set at end of initial load.
[0059.76] Log: 0 out of 0 bytes used by permanent object pool.
[0059.76] Warning: StaticLoadObject for SwfMovie GFXFonts fonts_en couldn't find object in memory!
[0059.76] Warning: Warning, Failed to load 'SwfMovie GFXFonts.fonts_en': Failed to find object 'SwfMovie GFXFonts.fonts_en'
[0061.10] Log: Initializing Engine...
[0061.62] Log: Discord Game SDK initialized 0
[0061.69] Log: [FSocketWin::Bind] Binding to 0.0.0.0:7778
[0061.69] DevNet: PComNetDriver_0(PEER) TcpNetDriver listening on port 7778
[0062.41] Log: Couldn't find Master sound class! This class is required for the audio sound mode system to function!
[0062.44] Log: Wwise(R) SDK Version 2016.2.3 Build 6077. Copyright (c) 2006-2012 Audiokinetic Inc. / All Rights Reserved.
[0062.44] Log: Start loading WWise Package Lookup Tables
[0063.26] Log: Finished loading Wwise Packages.
[0065.12] Log: Destroying viewport RHI due to zero NewSizeX and zero NewSizeY!
[0065.12] Log: FViewport::UpdateViewportRHI(TRUE,0,0,TRUE)
[0065.14] ScriptWarning: Script call stack:
	Function TgClient.TgGameViewportClient:Init
	Function PlatformCommon.PComGameViewportClient:Init
	Function Engine.GameViewportClient:Init

	TgGameViewportClient Transient.TgGameEngine_0:TgGameViewportClient_0
	Function Engine.GameViewportClient:Init:0025
[0065.14] ScriptWarning: Assertion failed, line 703
	TgGameViewportClient Transient.TgGameEngine_0:TgGameViewportClient_0
	Function Engine.GameViewportClient:Init:0025
[0078.64] Critical: appError called: Rendering thread exception:
Fatal error!

Address = 0x76a115db (filename not found) [in C:\Program Files\Epic Games\Paladins\Paladins\Binaries\Win64\Paladins.exe]
Address = 0x75e5e8ac (filename not found) [in C:\Program Files\Epic Games\Paladins\Paladins\Binaries\Win64\Paladins.exe]
Address = 0x76947141 (filename not found) [in C:\Program Files\Epic Games\Paladins\Paladins\Binaries\Win64\Paladins.exe]
Address = 0x7697c212 (filename not found) [in C:\Program Files\Epic Games\Paladins\Paladins\Binaries\Win64\Paladins.exe]
Address = 0x76979071 (filename not found) [in C:\Program Files\Epic Games\Paladins\Paladins\Binaries\Win64\Paladins.exe]
Address = 0x7696b951 (filename not found) [in C:\Program Files\Epic Games\Paladins\Paladins\Binaries\Win64\Paladins.exe]
Address = 0x760f238b (filename not found) [in C:\Program Files\Epic Games\Paladins\Paladins\Binaries\Win64\Paladins.exe]
Address = 0x760f298c (filename not found) [in C:\Program Files\Epic Games\Paladins\Paladins\Binaries\Win64\Paladins.exe]
Address = 0x75f58d22 (filename not found) [in C:\Program Files\Epic Games\Paladins\Paladins\Binaries\Win64\Paladins.exe]
Address = 0x98557bd4 (filename not found) [in C:\Windows\System32\KERNEL32.DLL]
Address = 0x9900ce51 (filename not found) [in C:\Windows\SYSTEM32\ntdll.dll]
Address = 0x9900ce51 (filename not found) [in C:\Windows\SYSTEM32\ntdll.dll]

[0078.64] Critical: Windows GetLastError: Overlapped I/O operation is in progress. (0)
[0078.68] Log: === Critical error: ===
Rendering thread exception:
Fatal error!

Address = 0x76a115db (filename not found) [in C:\Program Files\Epic Games\Paladins\Paladins\Binaries\Win64\Paladins.exe]
Address = 0x75e5e8ac (filename not found) [in C:\Program Files\Epic Games\Paladins\Paladins\Binaries\Win64\Paladins.exe]
Address = 0x76947141 (filename not found) [in C:\Program Files\Epic Games\Paladins\Paladins\Binaries\Win64\Paladins.exe]
Address = 0x7697c212 (filename not found) [in C:\Program Files\Epic Games\Paladins\Paladins\Binaries\Win64\Paladins.exe]
Address = 0x76979071 (filename not found) [in C:\Program Files\Epic Games\Paladins\Paladins\Binaries\Win64\Paladins.exe]
Address = 0x7696b951 (filename not found) [in C:\Program Files\Epic Games\Paladins\Paladins\Binaries\Win64\Paladins.exe]
Address = 0x760f238b (filename not found) [in C:\Program Files\Epic Games\Paladins\Paladins\Binaries\Win64\Paladins.exe]
Address = 0x760f298c (filename not found) [in C:\Program Files\Epic Games\Paladins\Paladins\Binaries\Win64\Paladins.exe]
Address = 0x75f58d22 (filename not found) [in C:\Program Files\Epic Games\Paladins\Paladins\Binaries\Win64\Paladins.exe]
Address = 0x98557bd4 (filename not found) [in C:\Windows\System32\KERNEL32.DLL]
Address = 0x9900ce51 (filename not found) [in C:\Windows\SYSTEM32\ntdll.dll]
Address = 0x9900ce51 (filename not found) [in C:\Windows\SYSTEM32\ntdll.dll]



[0079.19] Exit: Executing UObject::StaticShutdownAfterError
[0079.27] Exit: Executing UWindowsClient::ShutdownAfterError
[0079.33] Exit: Executing UWindowsClient::ShutdownAfterError
[0079.33] Exit: UXAudio2Device::ShutdownAfterError
[0079.51] Exit: UAkAudioDevice::ShutdownAfterError
[0079.60] Log: appRequestExit(1)(0)
