[0002.64] Log: Async Log file open, 05/02/20 14:52:33
[0002.64] Init: WinSock: version 1.1 (2.2), MaxSocks=32767, MaxUdp=65467
[0002.64] Log:  ... running in INSTALLED mode
[0002.64] DevConfig: GConfig::Find has loaded file:  ..\..\Engine\Config\ConsoleVariables.ini
[0002.64] Init: Version: 10897
[0002.64] Init: Epic Internal: 0
[0002.64] Init: Compiled (64-bit): Apr 23 2020 16:02:33
[0002.64] Init: Changelist: 1532151
[0002.64] Init: Command line: -pid=402 -epic -anon  -seekfreeloadingPCConsole -eac_dir ..\EasyAntiCheat -AUTH_LOGIN=unused -AUTH_PASSWORD=1e405d4c0d184992a1e59da11d7e0bbb -AUTH_TYPE=exchangecode -epicapp=Antbird -epicenv=Prod -EpicPortal  -epicusername="Slayerdslasher" -epicuserid=c28f3fe73ba942ada4def7ea3e961fb7 -epiclocale=en
[0002.64] Init: Base directory: C:\Program Files\Epic Games\Paladins\Paladins\Binaries\Win64\
[0004.17] Init: Computer: 28STABWOUNDS-EX
[0004.17] Init: User: REABERBOY666
[0004.17] Init: CPU Page size=4096, Processors=2, Cores=2
[0004.17] Init: High frequency timer resolution =10.000000 MHz
[0004.17] Init: Memory total: Physical=3.8GB (3GB approx) Pagefile=5.7GB Virtual=131072.0GB
[0005.03] DevOnline: Initializing MCTS
[0005.97] VoiceChat: Info  VivoxApi::CommandHandler::ProcessRequest(645) - this=0x3c2e210,ToXml(request, true)=<Request requestId="" action="Aux.GetCaptureDevices.1" />
[0005.97] VoiceChat: 
[0005.97] VoiceChat: Info  VivoxApi::CommandHandler::ProcessRequest(645) - this=0x3c2e210,ToXml(request, true)=<Request requestId="" action="Aux.GetRenderDevices.1" />
[0005.97] VoiceChat: 
[0005.97] VoiceChat: Vivox Version: 4.9.0002.31672
[0005.97] Init: Game is version 3.3.3657.3.
[0005.97] Log: Steam Client API Disabled!
[0006.02] Log: Initializing Epic Online Services
[0006.02] DevOnline: Epic Logging Callback Set
[0006.02] DevOnline: Epic Logging Level Set to 600
[0006.02] DevOnline: Loaded Epic Online Services Config: fcb692f0fdf14526b1ffbb77cf1ef288 badb0ee71b474ed591ec43212547cfc8 ae0ea0ebb4454bb680bb5194d4ef4747 8435581525284b85aa68d8733a5e2caa
[0006.02] DevOnline: Epic SDK: LogEOS: Updating Platform SDK Config, Time: 0.000000
[0007.19] DevOnline: Epic SDK: LogEOSOverlay: Overlay loaded and initialized
[0007.55] DevOnline: Epic SDK: LogEOSMessaging: Stomp: Empty URL Specified!
[0007.56] DevOnline: Epic SDK: LogEOSP2P: Using Port Range 7777-7876 for P2P traffic
[0007.56] Log: Epic Online Services API initialized 1
[0007.56] Init: Presizing for 110000 objects not considered by GC, pre-allocating 0 bytes.
[0007.56] Init: Object subsystem initialized
[0007.56] Log: Got Epic Online Services Language: en which is LangExt INT
[0007.59] Log: CachePaths() took 0.03 Seconds
[0007.59] Log: TgAIBehaviorTreeManager :: Loading behavior trees
[0007.76] Log: TgAIBehaviorTreeManager :: Successfully loaded behavior trees
[0009.54] Log: Landing Panel http://cds.q6u4m8x5.hwcdn.net/LandingPanel/Paladins/live/
[0009.94] Log: SystemSettings based on: SystemSettings
[0009.94] Log: SystemSettings based on: SystemSettings
[0009.95] Log: SystemSettings based on: SystemSettings
[0009.95] Log: SystemSettings based on: SystemSettings
[0009.95] Log: SystemSettings based on: SystemSettings
[0009.95] Log: SystemSettings based on: SystemSettings
[0009.95] Log: SystemSettings based on: SystemSettings
[0009.95] Log: SystemSettings based on: SystemSettings
[0009.96] Log: SystemSettings based on: SystemSettings
[0009.96] Log: SystemSettings based on: SystemSettings
[0010.11] Warning: Warning, Command line -d3d11 set, but D3D11 is not supported on this machine.  Will fallback to older API.
[0011.85] Log: Your video card does not support alpha blending with floating point render targets (D3DFMT_A16B16G16R16F), which is required to run this game.  Exiting...
[0016.94] Log: appRequestExit(1)(0)
