[0001.53] Log: Async Log file open, 05/02/20 14:55:20
[0001.53] Init: WinSock: version 1.1 (2.2), MaxSocks=32767, MaxUdp=65467
[0001.53] Log:  ... running in INSTALLED mode
[0001.53] DevConfig: GConfig::Find has loaded file:  ..\..\Engine\Config\ConsoleVariables.ini
[0001.53] Init: Version: 10897
[0001.53] Init: Epic Internal: 0
[0001.53] Init: Compiled (32-bit): Apr 23 2020 15:55:10
[0001.53] Init: Changelist: 1532151
[0001.53] Init: Command line: 
[0001.53] Init: Base directory: C:\Program Files\Epic Games\Paladins\Paladins\Binaries\Win32\
[0001.56] Init: Computer: 28STABWOUNDS-EX
[0001.56] Init: User: REABERBOY666
[0001.56] Init: CPU Page size=4096, Processors=2, Cores=2
[0001.56] Init: High frequency timer resolution =10.000000 MHz
[0001.56] Init: Memory total: Physical=3.8GB (3GB approx) Pagefile=5.7GB Virtual=4.0GB
[0002.08] DevOnline: Initializing MCTS
[0002.98] VoiceChat: Info  VivoxApi::CommandHandler::ProcessRequest(645) - this=0x78b1740,ToXml(request, true)=<Request requestId="" action="Aux.GetCaptureDevices.1" />
[0002.98] VoiceChat: 
[0002.98] VoiceChat: Info  VivoxApi::CommandHandler::ProcessRequest(645) - this=0x78b1740,ToXml(request, true)=<Request requestId="" action="Aux.GetRenderDevices.1" />
[0002.98] VoiceChat: 
[0002.98] VoiceChat: Vivox Version: 4.9.0002.31672
[0002.98] Init: Game is version 3.3.3657.3.
[0002.98] Log: Steam Client API Disabled!
[0002.98] Log: Epic Online Services API Disabled!
[0002.98] Init: Presizing for 110000 objects not considered by GC, pre-allocating 0 bytes.
[0002.98] Init: Object subsystem initialized
[0005.23] Log: appRequestExit(1)(0)
